<?xml version="1.0" encoding="UTF-8"?>
<!-- Generated by org.testng.reporters.JUnitReportReporter -->
<testsuite skipped="0" hostname="mayank" name="com.framework.qa.test.LoginPageTest" tests="1" failures="0" timestamp="08 Jul 2020 20:27:10 GMT" time="18.587" errors="0">
  <testcase name="doLoginTest" time="18.587" classname="com.framework.qa.test.LoginPageTest"/>
</testsuite> <!-- com.framework.qa.test.LoginPageTest -->
